[debug] [2020-09-22T09:24:49.482Z] ----------------------------------------------------------------------
[debug] [2020-09-22T09:24:49.483Z] Command:       /usr/bin/node /usr/local/bin/firebase emulators:start
[debug] [2020-09-22T09:24:49.483Z] CLI Version:   8.4.3
[debug] [2020-09-22T09:24:49.484Z] Platform:      linux
[debug] [2020-09-22T09:24:49.484Z] Node Version:  v10.19.0
[debug] [2020-09-22T09:24:49.484Z] Time:          Tue Sep 22 2020 11:24:49 GMT+0200 (Central European Summer Time)
[debug] [2020-09-22T09:24:49.484Z] ----------------------------------------------------------------------
[debug] [2020-09-22T09:24:49.484Z] 
[debug] [2020-09-22T09:24:49.487Z] > command requires scopes: ["email","openid","https://www.googleapis.com/auth/cloudplatformprojects.readonly","https://www.googleapis.com/auth/firebase","https://www.googleapis.com/auth/cloud-platform"]
[debug] [2020-09-22T09:24:49.488Z] > authorizing via signed-in user
[info] i  emulators: Starting emulators: functions, firestore, hosting {"metadata":{"emulator":{"name":"hub"},"message":"Starting emulators: functions, firestore, hosting"}}
[debug] [2020-09-22T09:24:49.499Z] [hub] writing locator at /tmp/hub-hands-on-firebase-tse.json
[warn] ⚠  Your requested "node" version "8" doesn't match your global version "10" {"metadata":{"emulator":{"name":"functions"},"message":"Your requested \"node\" version \"8\" doesn't match your global version \"10\""}}
[debug] [2020-09-22T09:24:49.515Z] Ignoring unsupported arg: projectId {"metadata":{"emulator":{"name":"firestore"},"message":"Ignoring unsupported arg: projectId"}}
[debug] [2020-09-22T09:24:49.515Z] Ignoring unsupported arg: auto_download {"metadata":{"emulator":{"name":"firestore"},"message":"Ignoring unsupported arg: auto_download"}}
[debug] [2020-09-22T09:24:49.515Z] Starting Firestore Emulator with command {"binary":"java","args":["-Duser.language=en","-jar","/home/masus/.cache/firebase/emulators/cloud-firestore-emulator-v1.11.4.jar","--host","localhost","--port",8081,"--rules","/home/masus/workspace/hands-on-serverless/firestore.rules","--functions_emulator","localhost:5001"],"optionalArgs":["port","webchannel_port","host","rules","functions_emulator","seed_from_export"],"joinArgs":false} {"metadata":{"emulator":{"name":"firestore"},"message":"Starting Firestore Emulator with command {\"binary\":\"java\",\"args\":[\"-Duser.language=en\",\"-jar\",\"/home/masus/.cache/firebase/emulators/cloud-firestore-emulator-v1.11.4.jar\",\"--host\",\"localhost\",\"--port\",8081,\"--rules\",\"/home/masus/workspace/hands-on-serverless/firestore.rules\",\"--functions_emulator\",\"localhost:5001\"],\"optionalArgs\":[\"port\",\"webchannel_port\",\"host\",\"rules\",\"functions_emulator\",\"seed_from_export\"],\"joinArgs\":false}"}}
[info] i  firestore: Firestore Emulator logging to firestore-debug.log {"metadata":{"emulator":{"name":"firestore"},"message":"Firestore Emulator logging to \u001b[1mfirestore-debug.log\u001b[22m"}}
[debug] [2020-09-22T09:24:50.076Z] API endpoint: http:// {"metadata":{"emulator":{"name":"firestore"},"message":"API endpoint: http://"}}
[debug] [2020-09-22T09:24:50.076Z] localhost:8081
If you are using a library that supports the FIRESTORE_EMULATOR_HOST environment variable, run:

   export FIRESTORE_EMULATOR_HOST=localhost:8081

Dev App Server is now running.

 {"metadata":{"emulator":{"name":"firestore"},"message":"localhost:8081\nIf you are using a library that supports the FIRESTORE_EMULATOR_HOST environment variable, run:\n\n   export FIRESTORE_EMULATOR_HOST=localhost:8081\n\nDev App Server is now running.\n\n"}}
[debug] [2020-09-22T09:24:50.286Z] >>> HTTP REQUEST GET https://firebase.googleapis.com/v1beta1/projects/hands-on-firebase-tse/webApps/-/config  
 
[debug] [2020-09-22T09:24:51.138Z] <<< HTTP RESPONSE 200 {"content-type":"application/json; charset=UTF-8","vary":"X-Origin, Referer, Origin,Accept-Encoding","date":"Tue, 22 Sep 2020 09:24:51 GMT","server":"ESF","cache-control":"private","x-xss-protection":"0","x-frame-options":"SAMEORIGIN","x-content-type-options":"nosniff","alt-svc":"h3-Q050=\":443\"; ma=2592000,h3-29=\":443\"; ma=2592000,h3-27=\":443\"; ma=2592000,h3-T051=\":443\"; ma=2592000,h3-T050=\":443\"; ma=2592000,h3-Q046=\":443\"; ma=2592000,h3-Q043=\":443\"; ma=2592000,quic=\":443\"; ma=2592000; v=\"46,43\"","accept-ranges":"none","transfer-encoding":"chunked"}
[info] i  hosting: Serving hosting files from: dist {"metadata":{"emulator":{"name":"hosting"},"message":"Serving hosting files from: \u001b[1mdist\u001b[22m"}}
[info] ✔  hosting: Local server: http://localhost:5000 {"metadata":{"emulator":{"name":"hosting"},"message":"Local server: \u001b[4m\u001b[1mhttp://localhost:5000\u001b[22m\u001b[24m"}}
[debug] [2020-09-22T09:24:51.181Z] Ignoring unsupported arg: auto_download {"metadata":{"emulator":{"name":"ui"},"message":"Ignoring unsupported arg: auto_download"}}
[debug] [2020-09-22T09:24:51.181Z] Ignoring unsupported arg: port {"metadata":{"emulator":{"name":"ui"},"message":"Ignoring unsupported arg: port"}}
[debug] [2020-09-22T09:24:51.181Z] Starting Emulator UI with command {"binary":"node","args":["/home/masus/.cache/firebase/emulators/ui-v1.1.0/server.bundle.js"],"optionalArgs":[],"joinArgs":false} {"metadata":{"emulator":{"name":"ui"},"message":"Starting Emulator UI with command {\"binary\":\"node\",\"args\":[\"/home/masus/.cache/firebase/emulators/ui-v1.1.0/server.bundle.js\"],\"optionalArgs\":[],\"joinArgs\":false}"}}
[info] i  ui: Emulator UI logging to ui-debug.log {"metadata":{"emulator":{"name":"ui"},"message":"Emulator UI logging to \u001b[1mui-debug.log\u001b[22m"}}
[debug] [2020-09-22T09:24:51.533Z] Web / API server started at http://localhost:4000
 {"metadata":{"emulator":{"name":"ui"},"message":"Web / API server started at http://localhost:4000\n"}}
[info] i  functions: Watching "/home/masus/workspace/hands-on-serverless/functions" for Cloud Functions... {"metadata":{"emulator":{"name":"functions"},"message":"Watching \"/home/masus/workspace/hands-on-serverless/functions\" for Cloud Functions..."}}
[debug] [2020-09-22T09:24:51.699Z] [worker-pool] addWorker(~diagnostic~) {"metadata":{"emulator":{"name":"functions"},"message":"[worker-pool] addWorker(~diagnostic~)"}}
[debug] [2020-09-22T09:24:51.699Z] [worker-pool] Adding worker with key ~diagnostic~, total=1 {"metadata":{"emulator":{"name":"functions"},"message":"[worker-pool] Adding worker with key ~diagnostic~, total=1"}}
[debug] [2020-09-22T09:24:51.699Z] [worker-pool] submitWork(triggerId=) {"metadata":{"emulator":{"name":"functions"},"message":"[worker-pool] submitWork(triggerId=)"}}
[debug] [2020-09-22T09:24:51.700Z] [worker-~diagnostic~-c631fd09-aad3-4a0d-a21e-0817b3d2dbf4]: Assigning socketPath: /tmp/fire_emu_26443.sock {"metadata":{"emulator":{"name":"functions"},"message":"[worker-~diagnostic~-c631fd09-aad3-4a0d-a21e-0817b3d2dbf4]: Assigning socketPath: /tmp/fire_emu_26443.sock"}}
[debug] [2020-09-22T09:24:51.700Z] [worker-~diagnostic~-c631fd09-aad3-4a0d-a21e-0817b3d2dbf4]: BUSY {"metadata":{"emulator":{"name":"functions"},"message":"[worker-~diagnostic~-c631fd09-aad3-4a0d-a21e-0817b3d2dbf4]: BUSY"}}
[debug] [2020-09-22T09:24:52.123Z] [runtime-status] [26443] Functions runtime initialized. {"cwd":"/home/masus/workspace/hands-on-serverless/functions","node_version":"10.19.0"} {"metadata":{"emulator":{"name":"functions"},"message":"[runtime-status] [26443] Functions runtime initialized. {\"cwd\":\"/home/masus/workspace/hands-on-serverless/functions\",\"node_version\":\"10.19.0\"}"}}
[debug] [2020-09-22T09:24:52.124Z] [runtime-status] [26443] Disabled runtime features: undefined {"metadata":{"emulator":{"name":"functions"},"message":"[runtime-status] [26443] Disabled runtime features: undefined"}}
[debug] [2020-09-22T09:24:52.126Z] [runtime-status] [26443] Resolved module firebase-admin {"declared":true,"installed":true,"version":"8.13.0","resolution":"/home/masus/workspace/hands-on-serverless/functions/node_modules/firebase-admin/lib/index.js"} {"metadata":{"emulator":{"name":"functions"},"message":"[runtime-status] [26443] Resolved module firebase-admin {\"declared\":true,\"installed\":true,\"version\":\"8.13.0\",\"resolution\":\"/home/masus/workspace/hands-on-serverless/functions/node_modules/firebase-admin/lib/index.js\"}"}}
[debug] [2020-09-22T09:24:52.126Z] [runtime-status] [26443] Resolved module firebase-functions {"declared":true,"installed":true,"version":"3.11.0","resolution":"/home/masus/workspace/hands-on-serverless/functions/node_modules/firebase-functions/lib/index.js"} {"metadata":{"emulator":{"name":"functions"},"message":"[runtime-status] [26443] Resolved module firebase-functions {\"declared\":true,\"installed\":true,\"version\":\"3.11.0\",\"resolution\":\"/home/masus/workspace/hands-on-serverless/functions/node_modules/firebase-functions/lib/index.js\"}"}}
[debug] [2020-09-22T09:24:52.130Z] [runtime-status] [26443] Outgoing network have been stubbed. [{"name":"http","status":"mocked"},{"name":"http","status":"mocked"},{"name":"https","status":"mocked"},{"name":"https","status":"mocked"},{"name":"net","status":"mocked"}] {"metadata":{"emulator":{"name":"functions"},"message":"[runtime-status] [26443] Outgoing network have been stubbed. [{\"name\":\"http\",\"status\":\"mocked\"},{\"name\":\"http\",\"status\":\"mocked\"},{\"name\":\"https\",\"status\":\"mocked\"},{\"name\":\"https\",\"status\":\"mocked\"},{\"name\":\"net\",\"status\":\"mocked\"}]"}}
[debug] [2020-09-22T09:24:52.130Z] [runtime-status] [26443] Resolved module firebase-functions {"declared":true,"installed":true,"version":"3.11.0","resolution":"/home/masus/workspace/hands-on-serverless/functions/node_modules/firebase-functions/lib/index.js"} {"metadata":{"emulator":{"name":"functions"},"message":"[runtime-status] [26443] Resolved module firebase-functions {\"declared\":true,\"installed\":true,\"version\":\"3.11.0\",\"resolution\":\"/home/masus/workspace/hands-on-serverless/functions/node_modules/firebase-functions/lib/index.js\"}"}}
[debug] [2020-09-22T09:24:52.154Z] [runtime-status] [26443] Checked functions.config() {"config":{}} {"metadata":{"emulator":{"name":"functions"},"message":"[runtime-status] [26443] Checked functions.config() {\"config\":{}}"}}
[debug] [2020-09-22T09:24:52.155Z] [runtime-status] [26443] firebase-functions has been stubbed. {"functionsResolution":{"declared":true,"installed":true,"version":"3.11.0","resolution":"/home/masus/workspace/hands-on-serverless/functions/node_modules/firebase-functions/lib/index.js"}} {"metadata":{"emulator":{"name":"functions"},"message":"[runtime-status] [26443] firebase-functions has been stubbed. {\"functionsResolution\":{\"declared\":true,\"installed\":true,\"version\":\"3.11.0\",\"resolution\":\"/home/masus/workspace/hands-on-serverless/functions/node_modules/firebase-functions/lib/index.js\"}}"}}
[debug] [2020-09-22T09:24:52.155Z] [runtime-status] [26443] Resolved module firebase-functions {"declared":true,"installed":true,"version":"3.11.0","resolution":"/home/masus/workspace/hands-on-serverless/functions/node_modules/firebase-functions/lib/index.js"} {"metadata":{"emulator":{"name":"functions"},"message":"[runtime-status] [26443] Resolved module firebase-functions {\"declared\":true,\"installed\":true,\"version\":\"3.11.0\",\"resolution\":\"/home/masus/workspace/hands-on-serverless/functions/node_modules/firebase-functions/lib/index.js\"}"}}
[debug] [2020-09-22T09:24:52.156Z] [runtime-status] [26443] Resolved module firebase-admin {"declared":true,"installed":true,"version":"8.13.0","resolution":"/home/masus/workspace/hands-on-serverless/functions/node_modules/firebase-admin/lib/index.js"} {"metadata":{"emulator":{"name":"functions"},"message":"[runtime-status] [26443] Resolved module firebase-admin {\"declared\":true,\"installed\":true,\"version\":\"8.13.0\",\"resolution\":\"/home/masus/workspace/hands-on-serverless/functions/node_modules/firebase-admin/lib/index.js\"}"}}
[debug] [2020-09-22T09:24:52.156Z] [runtime-status] [26443] Resolved module firebase-functions {"declared":true,"installed":true,"version":"3.11.0","resolution":"/home/masus/workspace/hands-on-serverless/functions/node_modules/firebase-functions/lib/index.js"} {"metadata":{"emulator":{"name":"functions"},"message":"[runtime-status] [26443] Resolved module firebase-functions {\"declared\":true,\"installed\":true,\"version\":\"3.11.0\",\"resolution\":\"/home/masus/workspace/hands-on-serverless/functions/node_modules/firebase-functions/lib/index.js\"}"}}
[debug] [2020-09-22T09:24:52.156Z] [runtime-status] [26443] firebase-admin has been stubbed. {"adminResolution":{"declared":true,"installed":true,"version":"8.13.0","resolution":"/home/masus/workspace/hands-on-serverless/functions/node_modules/firebase-admin/lib/index.js"}} {"metadata":{"emulator":{"name":"functions"},"message":"[runtime-status] [26443] firebase-admin has been stubbed. {\"adminResolution\":{\"declared\":true,\"installed\":true,\"version\":\"8.13.0\",\"resolution\":\"/home/masus/workspace/hands-on-serverless/functions/node_modules/firebase-admin/lib/index.js\"}}"}}
[info] 
┌───────────────────────────────────────────────────────────────────────┐
│ ✔  All emulators ready! View status and logs at http://localhost:4000 │
└───────────────────────────────────────────────────────────────────────┘

┌───────────┬────────────────┬─────────────────────────────────┐
│ Emulator  │ Host:Port      │ View in Emulator UI             │
├───────────┼────────────────┼─────────────────────────────────┤
│ Functions │ localhost:5001 │ http://localhost:4000/functions │
├───────────┼────────────────┼─────────────────────────────────┤
│ Firestore │ localhost:8081 │ http://localhost:4000/firestore │
├───────────┼────────────────┼─────────────────────────────────┤
│ Hosting   │ localhost:5000 │ n/a                             │
└───────────┴────────────────┴─────────────────────────────────┘
  Other reserved ports: 4400, 4500

Issues? Report them at https://github.com/firebase/firebase-tools/issues and attach the *-debug.log files.
 
[debug] [2020-09-22T09:24:52.160Z] [worker-~diagnostic~-c631fd09-aad3-4a0d-a21e-0817b3d2dbf4]: IDLE {"metadata":{"emulator":{"name":"functions"},"message":"[worker-~diagnostic~-c631fd09-aad3-4a0d-a21e-0817b3d2dbf4]: IDLE"}}
[debug] [2020-09-22T09:24:57.824Z] Sep 22, 2020 11:24:57 AM io.gapi.emulators.netty.HttpVersionRoutingHandler channelRead
INFO: Detected non-HTTP/2 connection.
 {"metadata":{"emulator":{"name":"firestore"},"message":"Sep 22, 2020 11:24:57 AM io.gapi.emulators.netty.HttpVersionRoutingHandler channelRead\nINFO: Detected non-HTTP/2 connection.\n"}}
[debug] [2020-09-22T09:24:57.972Z] Sep 22, 2020 11:24:57 AM io.gapi.emulators.netty.HttpVersionRoutingHandler channelRead
INFO: Detected HTTP/2 connection.
 {"metadata":{"emulator":{"name":"firestore"},"message":"Sep 22, 2020 11:24:57 AM io.gapi.emulators.netty.HttpVersionRoutingHandler channelRead\nINFO: Detected HTTP/2 connection.\n"}}
[debug] [2020-09-22T09:25:08.670Z] Sep 22, 2020 11:25:08 AM io.gapi.emulators.netty.HttpVersionRoutingHandler channelRead
INFO: Detected non-HTTP/2 connection.
 {"metadata":{"emulator":{"name":"firestore"},"message":"Sep 22, 2020 11:25:08 AM io.gapi.emulators.netty.HttpVersionRoutingHandler channelRead\nINFO: Detected non-HTTP/2 connection.\n"}}
[debug] [2020-09-22T09:25:08.944Z] Sep 22, 2020 11:25:08 AM io.gapi.emulators.netty.NotFoundHandler handleRequest
INFO: Unknown request URI: /favicon.ico
 {"metadata":{"emulator":{"name":"firestore"},"message":"Sep 22, 2020 11:25:08 AM io.gapi.emulators.netty.NotFoundHandler handleRequest\nINFO: Unknown request URI: /favicon.ico\n"}}
[info] i  hosting: 127.0.0.1 - - [22/Sep/2020:09:25:31 +0000] "GET / HTTP/1.1" 200 1165 "http://localhost:4000/" "Mozilla/5.0 (X11; Linux x86_64) AppleWebKit/537.36 (KHTML, like Gecko) Chrome/85.0.4183.121 Safari/537.36" {"metadata":{"emulator":{"name":"hosting"},"message":"127.0.0.1 - - [22/Sep/2020:09:25:31 +0000] \"GET / HTTP/1.1\" 200 1165 \"http://localhost:4000/\" \"Mozilla/5.0 (X11; Linux x86_64) AppleWebKit/537.36 (KHTML, like Gecko) Chrome/85.0.4183.121 Safari/537.36\""}}
[info] i  hosting: 127.0.0.1 - - [22/Sep/2020:09:25:31 +0000] "GET /css/app.5cf8e022.css HTTP/1.1" 200 83 "http://localhost:5000/" "Mozilla/5.0 (X11; Linux x86_64) AppleWebKit/537.36 (KHTML, like Gecko) Chrome/85.0.4183.121 Safari/537.36" {"metadata":{"emulator":{"name":"hosting"},"message":"127.0.0.1 - - [22/Sep/2020:09:25:31 +0000] \"GET /css/app.5cf8e022.css HTTP/1.1\" 200 83 \"http://localhost:5000/\" \"Mozilla/5.0 (X11; Linux x86_64) AppleWebKit/537.36 (KHTML, like Gecko) Chrome/85.0.4183.121 Safari/537.36\""}}
[info] i  hosting: 127.0.0.1 - - [22/Sep/2020:09:25:31 +0000] "GET /js/app.725f150b.js HTTP/1.1" 200 6991 "http://localhost:5000/" "Mozilla/5.0 (X11; Linux x86_64) AppleWebKit/537.36 (KHTML, like Gecko) Chrome/85.0.4183.121 Safari/537.36" {"metadata":{"emulator":{"name":"hosting"},"message":"127.0.0.1 - - [22/Sep/2020:09:25:31 +0000] \"GET /js/app.725f150b.js HTTP/1.1\" 200 6991 \"http://localhost:5000/\" \"Mozilla/5.0 (X11; Linux x86_64) AppleWebKit/537.36 (KHTML, like Gecko) Chrome/85.0.4183.121 Safari/537.36\""}}
[info] i  hosting: 127.0.0.1 - - [22/Sep/2020:09:25:31 +0000] "GET /js/chunk-vendors.20c38cd6.js HTTP/1.1" 200 247233 "http://localhost:5000/" "Mozilla/5.0 (X11; Linux x86_64) AppleWebKit/537.36 (KHTML, like Gecko) Chrome/85.0.4183.121 Safari/537.36" {"metadata":{"emulator":{"name":"hosting"},"message":"127.0.0.1 - - [22/Sep/2020:09:25:31 +0000] \"GET /js/chunk-vendors.20c38cd6.js HTTP/1.1\" 200 247233 \"http://localhost:5000/\" \"Mozilla/5.0 (X11; Linux x86_64) AppleWebKit/537.36 (KHTML, like Gecko) Chrome/85.0.4183.121 Safari/537.36\""}}
[info] i  hosting: 127.0.0.1 - - [22/Sep/2020:09:25:31 +0000] "GET /css/chunk-vendors.497f5e46.css HTTP/1.1" 200 334590 "http://localhost:5000/" "Mozilla/5.0 (X11; Linux x86_64) AppleWebKit/537.36 (KHTML, like Gecko) Chrome/85.0.4183.121 Safari/537.36" {"metadata":{"emulator":{"name":"hosting"},"message":"127.0.0.1 - - [22/Sep/2020:09:25:31 +0000] \"GET /css/chunk-vendors.497f5e46.css HTTP/1.1\" 200 334590 \"http://localhost:5000/\" \"Mozilla/5.0 (X11; Linux x86_64) AppleWebKit/537.36 (KHTML, like Gecko) Chrome/85.0.4183.121 Safari/537.36\""}}
[info] i  hosting: 127.0.0.1 - - [22/Sep/2020:09:25:31 +0000] "GET /css/about.77d151e8.css HTTP/1.1" 200 49341 "http://localhost:5000/" "Mozilla/5.0 (X11; Linux x86_64) AppleWebKit/537.36 (KHTML, like Gecko) Chrome/85.0.4183.121 Safari/537.36" {"metadata":{"emulator":{"name":"hosting"},"message":"127.0.0.1 - - [22/Sep/2020:09:25:31 +0000] \"GET /css/about.77d151e8.css HTTP/1.1\" 200 49341 \"http://localhost:5000/\" \"Mozilla/5.0 (X11; Linux x86_64) AppleWebKit/537.36 (KHTML, like Gecko) Chrome/85.0.4183.121 Safari/537.36\""}}
[info] i  hosting: 127.0.0.1 - - [22/Sep/2020:09:25:31 +0000] "GET /js/about.e465d8ee.js HTTP/1.1" 200 77940 "http://localhost:5000/" "Mozilla/5.0 (X11; Linux x86_64) AppleWebKit/537.36 (KHTML, like Gecko) Chrome/85.0.4183.121 Safari/537.36" {"metadata":{"emulator":{"name":"hosting"},"message":"127.0.0.1 - - [22/Sep/2020:09:25:31 +0000] \"GET /js/about.e465d8ee.js HTTP/1.1\" 200 77940 \"http://localhost:5000/\" \"Mozilla/5.0 (X11; Linux x86_64) AppleWebKit/537.36 (KHTML, like Gecko) Chrome/85.0.4183.121 Safari/537.36\""}}
[info] i  hosting: 127.0.0.1 - - [22/Sep/2020:09:25:31 +0000] "GET /firebase.png HTTP/1.1" 200 7854 "http://localhost:5000/" "Mozilla/5.0 (X11; Linux x86_64) AppleWebKit/537.36 (KHTML, like Gecko) Chrome/85.0.4183.121 Safari/537.36" {"metadata":{"emulator":{"name":"hosting"},"message":"127.0.0.1 - - [22/Sep/2020:09:25:31 +0000] \"GET /firebase.png HTTP/1.1\" 200 7854 \"http://localhost:5000/\" \"Mozilla/5.0 (X11; Linux x86_64) AppleWebKit/537.36 (KHTML, like Gecko) Chrome/85.0.4183.121 Safari/537.36\""}}
[info] i  hosting: 127.0.0.1 - - [22/Sep/2020:09:25:31 +0000] "GET /favicon.ico HTTP/1.1" 200 4286 "http://localhost:5000/" "Mozilla/5.0 (X11; Linux x86_64) AppleWebKit/537.36 (KHTML, like Gecko) Chrome/85.0.4183.121 Safari/537.36" {"metadata":{"emulator":{"name":"hosting"},"message":"127.0.0.1 - - [22/Sep/2020:09:25:31 +0000] \"GET /favicon.ico HTTP/1.1\" 200 4286 \"http://localhost:5000/\" \"Mozilla/5.0 (X11; Linux x86_64) AppleWebKit/537.36 (KHTML, like Gecko) Chrome/85.0.4183.121 Safari/537.36\""}}
